<?xml version="1.0" encoding="utf-8"?>
<TestRun id="cffe6d2d-2daf-4923-a277-d437903a0247" name="gonca@CAPITÇO 2025-12-19 19:05:04" runUser="CAPITÇO\gonca" xmlns="http://microsoft.com/schemas/VisualStudio/TeamTest/2010">
  <Times creation="2025-12-19T19:05:04.3128070+00:00" queuing="2025-12-19T19:05:04.3128074+00:00" start="2025-12-19T19:04:57.7432643+00:00" finish="2025-12-19T19:05:04.4848278+00:00" />
  <TestSettings name="default" id="7ea68adc-7a17-4ce0-bee2-6b7b71bf06e2">
    <Deployment runDeploymentRoot="gonca_CAPITÇO_2025-12-19_19_05_04" />
  </TestSettings>
  <Results>
    <UnitTestResult executionId="fc63d175-830a-4e18-9bf9-8be8bc3db1e3" testId="646f1015-8ed0-5f97-7d2c-f6d741f64e9d" testName="ProductsControllerTests.ProductsControllerTests.Update_ChangesValues" computerName="CAPITÇO" duration="00:00:00.0113091" startTime="2025-12-19T19:05:03.9573694+00:00" endTime="2025-12-19T19:05:03.9573699+00:00" testType="13cdc9d9-ddb5-4fa4-a97d-d965ccfc6d4b" outcome="Passed" testListId="8c84fa94-04c1-424b-9868-57a2d4851a1d" relativeResultsDirectory="fc63d175-830a-4e18-9bf9-8be8bc3db1e3" />
    <UnitTestResult executionId="bffe34da-9618-4f9b-aa91-55cf7b318a3d" testId="3df7960d-b29b-3858-67d8-7f29955a3805" testName="ProductsControllerTests.ProductsControllerTests.GetById_ReturnsProduct" computerName="CAPITÇO" duration="00:00:00.0883504" startTime="2025-12-19T19:05:03.9219148+00:00" endTime="2025-12-19T19:05:03.9219151+00:00" testType="13cdc9d9-ddb5-4fa4-a97d-d965ccfc6d4b" outcome="Passed" testListId="8c84fa94-04c1-424b-9868-57a2d4851a1d" relativeResultsDirectory="bffe34da-9618-4f9b-aa91-55cf7b318a3d" />
    <UnitTestResult executionId="b10f60e0-d6c0-4462-b364-d1d81f53fac1" testId="40cac97b-7cc7-8715-333e-03a4c221e8d3" testName="ProductsControllerTests.ProductsControllerTests.GetAll_ReturnsEmptyList" computerName="CAPITÇO" duration="00:00:01.2260207" startTime="2025-12-19T19:05:03.6270665+00:00" endTime="2025-12-19T19:05:03.6271078+00:00" testType="13cdc9d9-ddb5-4fa4-a97d-d965ccfc6d4b" outcome="Passed" testListId="8c84fa94-04c1-424b-9868-57a2d4851a1d" relativeResultsDirectory="b10f60e0-d6c0-4462-b364-d1d81f53fac1" />
    <UnitTestResult executionId="41786919-68e6-4f62-a9f3-1db78fc49ddb" testId="8b44f8c7-74eb-ebab-a38f-94b9ccca8840" testName="ProductsControllerTests.ProductsControllerTests.Create_AddsProduct" computerName="CAPITÇO" duration="00:00:00.2070977" startTime="2025-12-19T19:05:03.8335460+00:00" endTime="2025-12-19T19:05:03.8335466+00:00" testType="13cdc9d9-ddb5-4fa4-a97d-d965ccfc6d4b" outcome="Passed" testListId="8c84fa94-04c1-424b-9868-57a2d4851a1d" relativeResultsDirectory="41786919-68e6-4f62-a9f3-1db78fc49ddb" />
    <UnitTestResult executionId="2f4dc352-4816-43fa-a380-c43b40ee4577" testId="1b6f5720-10ce-c882-0aa8-52446203ae86" testName="ProductsControllerTests.ProductsControllerTests.Delete_RemovesProduct" computerName="CAPITÇO" duration="00:00:00.0237095" startTime="2025-12-19T19:05:03.9458394+00:00" endTime="2025-12-19T19:05:03.9458398+00:00" testType="13cdc9d9-ddb5-4fa4-a97d-d965ccfc6d4b" outcome="Passed" testListId="8c84fa94-04c1-424b-9868-57a2d4851a1d" relativeResultsDirectory="2f4dc352-4816-43fa-a380-c43b40ee4577" />
  </Results>
  <TestDefinitions>
    <UnitTest name="ProductsControllerTests.ProductsControllerTests.Delete_RemovesProduct" storage="c:\users\gonca\documents\github\dos2526-a1\productscontroller.tests\bin\release\net9.0\productscontroller.tests.dll" id="1b6f5720-10ce-c882-0aa8-52446203ae86">
      <Execution id="2f4dc352-4816-43fa-a380-c43b40ee4577" />
      <TestMethod codeBase="C:\Users\gonca\Documents\GitHub\DOS2526-A1\ProductsController.Tests\bin\Release\net9.0\ProductsController.Tests.dll" adapterTypeName="executor://xunit/VsTestRunner2/netcoreapp" className="ProductsControllerTests.ProductsControllerTests" name="Delete_RemovesProduct" />
    </UnitTest>
    <UnitTest name="ProductsControllerTests.ProductsControllerTests.Update_ChangesValues" storage="c:\users\gonca\documents\github\dos2526-a1\productscontroller.tests\bin\release\net9.0\productscontroller.tests.dll" id="646f1015-8ed0-5f97-7d2c-f6d741f64e9d">
      <Execution id="fc63d175-830a-4e18-9bf9-8be8bc3db1e3" />
      <TestMethod codeBase="C:\Users\gonca\Documents\GitHub\DOS2526-A1\ProductsController.Tests\bin\Release\net9.0\ProductsController.Tests.dll" adapterTypeName="executor://xunit/VsTestRunner2/netcoreapp" className="ProductsControllerTests.ProductsControllerTests" name="Update_ChangesValues" />
    </UnitTest>
    <UnitTest name="ProductsControllerTests.ProductsControllerTests.GetAll_ReturnsEmptyList" storage="c:\users\gonca\documents\github\dos2526-a1\productscontroller.tests\bin\release\net9.0\productscontroller.tests.dll" id="40cac97b-7cc7-8715-333e-03a4c221e8d3">
      <Execution id="b10f60e0-d6c0-4462-b364-d1d81f53fac1" />
      <TestMethod codeBase="C:\Users\gonca\Documents\GitHub\DOS2526-A1\ProductsController.Tests\bin\Release\net9.0\ProductsController.Tests.dll" adapterTypeName="executor://xunit/VsTestRunner2/netcoreapp" className="ProductsControllerTests.ProductsControllerTests" name="GetAll_ReturnsEmptyList" />
    </UnitTest>
    <UnitTest name="ProductsControllerTests.ProductsControllerTests.GetById_ReturnsProduct" storage="c:\users\gonca\documents\github\dos2526-a1\productscontroller.tests\bin\release\net9.0\productscontroller.tests.dll" id="3df7960d-b29b-3858-67d8-7f29955a3805">
      <Execution id="bffe34da-9618-4f9b-aa91-55cf7b318a3d" />
      <TestMethod codeBase="C:\Users\gonca\Documents\GitHub\DOS2526-A1\ProductsController.Tests\bin\Release\net9.0\ProductsController.Tests.dll" adapterTypeName="executor://xunit/VsTestRunner2/netcoreapp" className="ProductsControllerTests.ProductsControllerTests" name="GetById_ReturnsProduct" />
    </UnitTest>
    <UnitTest name="ProductsControllerTests.ProductsControllerTests.Create_AddsProduct" storage="c:\users\gonca\documents\github\dos2526-a1\productscontroller.tests\bin\release\net9.0\productscontroller.tests.dll" id="8b44f8c7-74eb-ebab-a38f-94b9ccca8840">
      <Execution id="41786919-68e6-4f62-a9f3-1db78fc49ddb" />
      <TestMethod codeBase="C:\Users\gonca\Documents\GitHub\DOS2526-A1\ProductsController.Tests\bin\Release\net9.0\ProductsController.Tests.dll" adapterTypeName="executor://xunit/VsTestRunner2/netcoreapp" className="ProductsControllerTests.ProductsControllerTests" name="Create_AddsProduct" />
    </UnitTest>
  </TestDefinitions>
  <TestEntries>
    <TestEntry testId="646f1015-8ed0-5f97-7d2c-f6d741f64e9d" executionId="fc63d175-830a-4e18-9bf9-8be8bc3db1e3" testListId="8c84fa94-04c1-424b-9868-57a2d4851a1d" />
    <TestEntry testId="3df7960d-b29b-3858-67d8-7f29955a3805" executionId="bffe34da-9618-4f9b-aa91-55cf7b318a3d" testListId="8c84fa94-04c1-424b-9868-57a2d4851a1d" />
    <TestEntry testId="40cac97b-7cc7-8715-333e-03a4c221e8d3" executionId="b10f60e0-d6c0-4462-b364-d1d81f53fac1" testListId="8c84fa94-04c1-424b-9868-57a2d4851a1d" />
    <TestEntry testId="8b44f8c7-74eb-ebab-a38f-94b9ccca8840" executionId="41786919-68e6-4f62-a9f3-1db78fc49ddb" testListId="8c84fa94-04c1-424b-9868-57a2d4851a1d" />
    <TestEntry testId="1b6f5720-10ce-c882-0aa8-52446203ae86" executionId="2f4dc352-4816-43fa-a380-c43b40ee4577" testListId="8c84fa94-04c1-424b-9868-57a2d4851a1d" />
  </TestEntries>
  <TestLists>
    <TestList name="Results Not in a List" id="8c84fa94-04c1-424b-9868-57a2d4851a1d" />
    <TestList name="All Loaded Results" id="19431567-8539-422a-85d7-44ee4e166bda" />
  </TestLists>
  <ResultSummary outcome="Completed">
    <Counters total="5" executed="5" passed="5" failed="0" error="0" timeout="0" aborted="0" inconclusive="0" passedButRunAborted="0" notRunnable="0" notExecuted="0" disconnected="0" warning="0" completed="0" inProgress="0" pending="0" />
    <Output>
      <StdOut>[xUnit.net 00:00:00.00] xUnit.net VSTest Adapter v2.8.2+699d445a1a (64-bit .NET 9.0.9)&#xD;
[xUnit.net 00:00:00.76]   Discovering: ProductsController.Tests&#xD;
[xUnit.net 00:00:00.81]   Discovered:  ProductsController.Tests&#xD;
[xUnit.net 00:00:00.81]   Starting:    ProductsController.Tests&#xD;
[xUnit.net 00:00:02.47]   Finished:    ProductsController.Tests&#xD;
</StdOut>
    </Output>
    <CollectorDataEntries>
      <Collector agentName="CAPITÇO" uri="datacollector://microsoft/CoverletCodeCoverage/1.0" collectorDisplayName="XPlat code coverage">
        <UriAttachments>
          <UriAttachment>
            <A href="CAPITÇO\coverage.cobertura.xml"></A>
          </UriAttachment>
        </UriAttachments>
      </Collector>
    </CollectorDataEntries>
  </ResultSummary>
</TestRun>